# JRE version: OpenJDK Runtime Environment (8.0_252-b09) (build 1.8.0_252-b09)
# Java VM: OpenJDK 64-Bit Server VM (25.252-b09 mixed mode windows-amd64 compressed oops)
Heap:
 PSYoungGen      total 161792K, used 36215K [0x00000000f5580000, 0x0000000100000000, 0x0000000100000000)
  eden space 148992K, 16% used [0x00000000f5580000,0x00000000f6cdba90,0x00000000fe700000)
  from space 12800K, 96% used [0x00000000fe700000,0x00000000ff3022f8,0x00000000ff380000)
  to   space 12800K, 0% used [0x00000000ff380000,0x00000000ff380000,0x0000000100000000)
 ParOldGen       total 175104K, used 28375K [0x00000000e0000000, 0x00000000eab00000, 0x00000000f5580000)
  object space 175104K, 16% used [0x00000000e0000000,0x00000000e1bb5fb0,0x00000000eab00000)
 Metaspace       used 48485K, capacity 50356K, committed 50608K, reserved 1093632K
  class space    used 6559K, capacity 7008K, committed 7088K, reserved 1048576K
GC Heap History (10 events):
Event: 26.588 GC heap before
{Heap before GC invocations=11 (full 2):
 PSYoungGen      total 161792K, used 1305K [0x00000000f5580000, 0x0000000100000000, 0x0000000100000000)
  eden space 150528K, 0% used [0x00000000f5580000,0x00000000f5580000,0x00000000fe880000)
  from space 11264K, 11% used [0x00000000fe880000,0x00000000fe9c6718,0x00000000ff380000)
  to   space 12288K, 0% used [0x00000000ff400000,0x00000000ff400000,0x0000000100000000)
 ParOldGen       total 175104K, used 11761K [0x00000000e0000000, 0x00000000eab00000, 0x00000000f5580000)
  object space 175104K, 6% used [0x00000000e0000000,0x00000000e0b7c680,0x00000000eab00000)
 Metaspace       used 34505K, capacity 35336K, committed 35496K, reserved 1079296K
  class space    used 4576K, capacity 4831K, committed 4912K, reserved 1048576K
Event: 26.765 GC heap after
Heap after GC invocations=11 (full 2):
 PSYoungGen      total 161792K, used 0K [0x00000000f5580000, 0x0000000100000000, 0x0000000100000000)
  eden space 150528K, 0% used [0x00000000f5580000,0x00000000f5580000,0x00000000fe880000)
  from space 11264K, 0% used [0x00000000fe880000,0x00000000fe880000,0x00000000ff380000)
  to   space 12288K, 0% used [0x00000000ff400000,0x00000000ff400000,0x0000000100000000)
 ParOldGen       total 175104K, used 12666K [0x00000000e0000000, 0x00000000eab00000, 0x00000000f5580000)
  object space 175104K, 7% used [0x00000000e0000000,0x00000000e0c5e920,0x00000000eab00000)
 Metaspace       used 34505K, capacity 35336K, committed 35496K, reserved 1079296K
  class space    used 4576K, capacity 4831K, committed 4912K, reserved 1048576K
}
Event: 31.014 GC heap before
{Heap before GC invocations=12 (full 2):
 PSYoungGen      total 161792K, used 150528K [0x00000000f5580000, 0x0000000100000000, 0x0000000100000000)
  eden space 150528K, 100% used [0x00000000f5580000,0x00000000fe880000,0x00000000fe880000)
  from space 11264K, 0% used [0x00000000fe880000,0x00000000fe880000,0x00000000ff380000)
  to   space 12288K, 0% used [0x00000000ff400000,0x00000000ff400000,0x0000000100000000)
 ParOldGen       total 175104K, used 12666K [0x00000000e0000000, 0x00000000eab00000, 0x00000000f5580000)
  object space 175104K, 7% used [0x00000000e0000000,0x00000000e0c5e920,0x00000000eab00000)
 Metaspace       used 35062K, capacity 35926K, committed 36272K, reserved 1081344K
  class space    used 4631K, capacity 4917K, committed 5040K, reserved 1048576K
Event: 31.027 GC heap after
Heap after GC invocations=12 (full 2):
 PSYoungGen      total 162304K, used 5509K [0x00000000f5580000, 0x0000000100000000, 0x0000000100000000)
  eden space 150016K, 0% used [0x00000000f5580000,0x00000000f5580000,0x00000000fe800000)
  from space 12288K, 44% used [0x00000000ff400000,0x00000000ff961698,0x0000000100000000)
  to   space 12288K, 0% used [0x00000000fe800000,0x00000000fe800000,0x00000000ff400000)
 ParOldGen       total 175104K, used 12666K [0x00000000e0000000, 0x00000000eab00000, 0x00000000f5580000)
  object space 175104K, 7% used [0x00000000e0000000,0x00000000e0c5e920,0x00000000eab00000)
 Metaspace       used 35062K, capacity 35926K, committed 36272K, reserved 1081344K
  class space    used 4631K, capacity 4917K, committed 5040K, reserved 1048576K
}
Event: 33.412 GC heap before
{Heap before GC invocations=13 (full 2):
 PSYoungGen      total 162304K, used 155525K [0x00000000f5580000, 0x0000000100000000, 0x0000000100000000)
  eden space 150016K, 100% used [0x00000000f5580000,0x00000000fe800000,0x00000000fe800000)
  from space 12288K, 44% used [0x00000000ff400000,0x00000000ff961698,0x0000000100000000)
  to   space 12288K, 0% used [0x00000000fe800000,0x00000000fe800000,0x00000000ff400000)
 ParOldGen       total 175104K, used 12666K [0x00000000e0000000, 0x00000000eab00000, 0x00000000f5580000)
  object space 175104K, 7% used [0x00000000e0000000,0x00000000e0c5e920,0x00000000eab00000)
 Metaspace       used 35066K, capacity 35926K, committed 36272K, reserved 1081344K
  class space    used 4631K, capacity 4917K, committed 5040K, reserved 1048576K
Event: 33.430 GC heap after
Heap after GC invocations=13 (full 2):
 PSYoungGen      total 162304K, used 4593K [0x00000000f5580000, 0x0000000100000000, 0x0000000100000000)
  eden space 150016K, 0% used [0x00000000f5580000,0x00000000f5580000,0x00000000fe800000)
  from space 12288K, 37% used [0x00000000fe800000,0x00000000fec7c5e8,0x00000000ff400000)
  to   space 12288K, 0% used [0x00000000ff400000,0x00000000ff400000,0x0000000100000000)
 ParOldGen       total 175104K, used 17837K [0x00000000e0000000, 0x00000000eab00000, 0x00000000f5580000)
  object space 175104K, 10% used [0x00000000e0000000,0x00000000e116b5c0,0x00000000eab00000)
 Metaspace       used 35066K, capacity 35926K, committed 36272K, reserved 1081344K
  class space    used 4631K, capacity 4917K, committed 5040K, reserved 1048576K
}
Event: 39.479 GC heap before
{Heap before GC invocations=14 (full 2):
 PSYoungGen      total 162304K, used 154609K [0x00000000f5580000, 0x0000000100000000, 0x0000000100000000)
  eden space 150016K, 100% used [0x00000000f5580000,0x00000000fe800000,0x00000000fe800000)
  from space 12288K, 37% used [0x00000000fe800000,0x00000000fec7c5e8,0x00000000ff400000)
  to   space 12288K, 0% used [0x00000000ff400000,0x00000000ff400000,0x0000000100000000)
 ParOldGen       total 175104K, used 17837K [0x00000000e0000000, 0x00000000eab00000, 0x00000000f5580000)
  object space 175104K, 10% used [0x00000000e0000000,0x00000000e116b5c0,0x00000000eab00000)
 Metaspace       used 40673K, capacity 42146K, committed 42288K, reserved 1085440K
  class space    used 5464K, capacity 5857K, committed 5936K, reserved 1048576K
Event: 39.512 GC heap after
Heap after GC invocations=14 (full 2):
 PSYoungGen      total 161280K, used 9984K [0x00000000f5580000, 0x0000000100000000, 0x0000000100000000)
  eden space 148992K, 0% used [0x00000000f5580000,0x00000000f5580000,0x00000000fe700000)
  from space 12288K, 81% used [0x00000000ff400000,0x00000000ffdc0340,0x0000000100000000)
  to   space 12800K, 0% used [0x00000000fe700000,0x00000000fe700000,0x00000000ff380000)
 ParOldGen       total 175104K, used 22312K [0x00000000e0000000, 0x00000000eab00000, 0x00000000f5580000)
  object space 175104K, 12% used [0x00000000e0000000,0x00000000e15ca3d8,0x00000000eab00000)
 Metaspace       used 40673K, capacity 42146K, committed 42288K, reserved 1085440K
  class space    used 5464K, capacity 5857K, committed 5936K, reserved 1048576K
}
Event: 47.157 GC heap before
{Heap before GC invocations=15 (full 2):
 PSYoungGen      total 161280K, used 158976K [0x00000000f5580000, 0x0000000100000000, 0x0000000100000000)
  eden space 148992K, 100% used [0x00000000f5580000,0x00000000fe700000,0x00000000fe700000)
  from space 12288K, 81% used [0x00000000ff400000,0x00000000ffdc0340,0x0000000100000000)
  to   space 12800K, 0% used [0x00000000fe700000,0x00000000fe700000,0x00000000ff380000)
 ParOldGen       total 175104K, used 22312K [0x00000000e0000000, 0x00000000eab00000, 0x00000000f5580000)
  object space 175104K, 12% used [0x00000000e0000000,0x00000000e15ca3d8,0x00000000eab00000)
 Metaspace       used 47803K, capacity 49728K, committed 50096K, reserved 1091584K
  class space    used 6484K, capacity 6962K, committed 7088K, reserved 1048576K
Event: 47.199 GC heap after
Heap after GC invocations=15 (full 2):
 PSYoungGen      total 161792K, used 12296K [0x00000000f5580000, 0x0000000100000000, 0x0000000100000000)
  eden space 148992K, 0% used [0x00000000f5580000,0x00000000f5580000,0x00000000fe700000)
  from space 12800K, 96% used [0x00000000fe700000,0x00000000ff3022f8,0x00000000ff380000)
  to   space 12800K, 0% used [0x00000000ff380000,0x00000000ff380000,0x0000000100000000)
 ParOldGen       total 175104K, used 28375K [0x00000000e0000000, 0x00000000eab00000, 0x00000000f5580000)
  object space 175104K, 16% used [0x00000000e0000000,0x00000000e1bb5fb0,0x00000000eab00000)
 Metaspace       used 47803K, capacity 49728K, committed 50096K, reserved 1091584K
  class space    used 6484K, capacity 6962K, committed 7088K, reserved 1048576K
}

